<?xml version="1.0" encoding="UTF-8"?>
<!-- Generated by org.testng.reporters.JUnitXMLReporter -->
<testsuite ignored="0" hostname="LAPTOP-IAO4A7LE" failures="0" tests="4" name="Default test" time="36.354" errors="0" timestamp="2024-11-01T21:54:49 IST">
  <testcase classname="Package.MainTest" name="test1" time="0.032"/>
  <testcase classname="Package.MainTest" name="test2" time="3.27"/>
  <testcase classname="Package.MainTest" name="test3" time="11.733"/>
  <testcase classname="Package.MainTest" name="test4" time="0.185"/>
</testsuite> <!-- Default test -->
