<?xml version="1.0" encoding="UTF-8"?>
<testng-results ignored="0" total="4" passed="4" failed="0" skipped="0">
  <reporter-output>
  </reporter-output>
  <suite started-at="2024-11-01T21:54:13 IST" name="Default suite" finished-at="2024-11-01T21:54:49 IST" duration-ms="36354">
    <groups>
    </groups>
    <test started-at="2024-11-01T21:54:13 IST" name="Default test" finished-at="2024-11-01T21:54:49 IST" duration-ms="36354">
      <class name="Package.MainTest">
        <test-method is-config="true" signature="SetUp()[pri:0, instance:Package.MainTest@576d5deb]" started-at="2024-11-01T21:54:13 IST" name="SetUp" finished-at="2024-11-01T21:54:15 IST" duration-ms="2152" status="PASS">
          <reporter-output>
          </reporter-output>
        </test-method> <!-- SetUp -->
        <test-method is-config="true" signature="url()[pri:0, instance:Package.MainTest@576d5deb]" started-at="2024-11-01T21:54:15 IST" name="url" finished-at="2024-11-01T21:54:22 IST" duration-ms="7008" status="PASS">
          <reporter-output>
          </reporter-output>
        </test-method> <!-- url -->
        <test-method signature="test1()[pri:0, instance:Package.MainTest@576d5deb]" started-at="2024-11-01T21:54:22 IST" name="test1" finished-at="2024-11-01T21:54:22 IST" duration-ms="32" status="PASS">
          <reporter-output>
          </reporter-output>
        </test-method> <!-- test1 -->
        <test-method is-config="true" signature="url()[pri:0, instance:Package.MainTest@576d5deb]" started-at="2024-11-01T21:54:22 IST" name="url" finished-at="2024-11-01T21:54:30 IST" duration-ms="8135" status="PASS">
          <reporter-output>
          </reporter-output>
        </test-method> <!-- url -->
        <test-method signature="test2()[pri:0, instance:Package.MainTest@576d5deb]" started-at="2024-11-01T21:54:30 IST" name="test2" finished-at="2024-11-01T21:54:33 IST" duration-ms="3270" status="PASS">
          <reporter-output>
          </reporter-output>
        </test-method> <!-- test2 -->
        <test-method is-config="true" signature="url()[pri:0, instance:Package.MainTest@576d5deb]" started-at="2024-11-01T21:54:33 IST" name="url" finished-at="2024-11-01T21:54:35 IST" duration-ms="1922" status="PASS">
          <reporter-output>
          </reporter-output>
        </test-method> <!-- url -->
        <test-method signature="test3()[pri:0, instance:Package.MainTest@576d5deb]" started-at="2024-11-01T21:54:35 IST" name="test3" finished-at="2024-11-01T21:54:47 IST" duration-ms="11733" status="PASS">
          <reporter-output>
          </reporter-output>
        </test-method> <!-- test3 -->
        <test-method is-config="true" signature="url()[pri:0, instance:Package.MainTest@576d5deb]" started-at="2024-11-01T21:54:47 IST" name="url" finished-at="2024-11-01T21:54:49 IST" duration-ms="1868" status="PASS">
          <reporter-output>
          </reporter-output>
        </test-method> <!-- url -->
        <test-method signature="test4()[pri:0, instance:Package.MainTest@576d5deb]" started-at="2024-11-01T21:54:49 IST" name="test4" finished-at="2024-11-01T21:54:49 IST" duration-ms="185" status="PASS">
          <reporter-output>
          </reporter-output>
        </test-method> <!-- test4 -->
      </class> <!-- Package.MainTest -->
    </test> <!-- Default test -->
  </suite> <!-- Default suite -->
</testng-results>
